<?xml version="1.0" encoding="UTF-8"?>
<robot generator="Robot 6.0.2 (Python 3.10.10 on win32)" generated="20231006 09:26:03.507" rpa="false" schemaversion="3">
<suite id="s1" name="Specs" source="C:\Users\jgarcia\Documents\Proyectos automatizacion\Backend automation\Robotframework backend\robotFramework_api_automation\robotFramework_api_automation\prezo\specs">
<suite id="s1-s1" name="Pet-Spec" source="C:\Users\jgarcia\Documents\Proyectos automatizacion\Backend automation\Robotframework backend\robotFramework_api_automation\robotFramework_api_automation\prezo\specs\pet-spec.robot">
<test id="s1-s1-t1" name="Post Add pet" line="15">
<kw name="Add pet" library="pet-sd">
<kw name="Get File" library="OperatingSystem">
<var>${body}</var>
<arg>resources/body/pet/pet-add.json</arg>
<doc>Returns the contents of a specified file.</doc>
<msg timestamp="20231006 09:26:03.732" level="INFO" html="true">Getting file '&lt;a href="file://C:\Users\jgarcia\Documents\Proyectos automatizacion\Backend automation\Robotframework backend\robotFramework_api_automation\robotFramework_api_automation\prezo\resources\body\pet\pet-add.json"&gt;C:\Users\jgarcia\Documents\Proyectos automatizacion\Backend automation\Robotframework backend\robotFramework_api_automation\robotFramework_api_automation\prezo\resources\body\pet\pet-add.json&lt;/a&gt;'.</msg>
<msg timestamp="20231006 09:26:03.733" level="INFO">${body} = {
    "id": 0,
    "category": {
        "id": 0,
        "name": "string"
    },
    "name": "doggie",
    "photoUrls": [
        "string"
    ],
    "tags": [
        {
            "id": 0,
        ...</msg>
<status status="PASS" starttime="20231006 09:26:03.732" endtime="20231006 09:26:03.733"/>
</kw>
<kw name="Create Dictionary" library="BuiltIn">
<var>${HEADERS}</var>
<arg>Content-Type=${CONTENT_TYPE}</arg>
<arg>User-Agent=RobotFramework</arg>
<doc>Creates and returns a dictionary based on the given ``items``.</doc>
<msg timestamp="20231006 09:26:03.733" level="INFO">${HEADERS} = {'Content-Type': 'application/json', 'User-Agent': 'RobotFramework'}</msg>
<status status="PASS" starttime="20231006 09:26:03.733" endtime="20231006 09:26:03.733"/>
</kw>
<kw name="Create Session" library="RequestsLibrary">
<arg>export</arg>
<arg>${BASE_URL}${VERSION}</arg>
<arg>verify=True</arg>
<doc>Create Session: create a HTTP session to a server</doc>
<msg timestamp="20231006 09:26:03.733" level="INFO">Creating Session using : alias=export, url=https://petstore.swagger.io//v2, headers={},                     cookies={}, auth=None, timeout=None, proxies=None, verify=True,                     debug=0 </msg>
<status status="PASS" starttime="20231006 09:26:03.733" endtime="20231006 09:26:03.734"/>
</kw>
<kw name="POST On Session" library="RequestsLibrary">
<var>${response}</var>
<arg>export</arg>
<arg>url=${ADD_PET_PATH}</arg>
<arg>data=${body}</arg>
<arg>headers=${HEADERS}</arg>
<doc>Sends a POST request on a previously created HTTP Session.</doc>
<msg timestamp="20231006 09:26:04.192" level="INFO">POST Request : url=https://petstore.swagger.io/v2/pet 
 path_url=/v2/pet 
 headers={'User-Agent': 'RobotFramework', 'Accept-Encoding': 'gzip, deflate', 'Accept': '*/*', 'Connection': 'keep-alive', 'Content-Type': 'application/json', 'Content-Length': '265'} 
 body={
    "id": 0,
    "category": {
        "id": 0,
        "name": "string"
    },
    "name": "doggie",
    "photoUrls": [
        "string"
    ],
    "tags": [
        {
            "id": 0,
            "name": "string"
        }
    ],
    "status": "available"
} 
 </msg>
<msg timestamp="20231006 09:26:04.192" level="INFO">POST Response : url=https://petstore.swagger.io/v2/pet 
 status=200, reason=OK 
 headers={'Date': 'Fri, 06 Oct 2023 14:26:04 GMT', 'Content-Type': 'application/json', 'Transfer-Encoding': 'chunked', 'Connection': 'keep-alive', 'Access-Control-Allow-Origin': '*', 'Access-Control-Allow-Methods': 'GET, POST, DELETE, PUT', 'Access-Control-Allow-Headers': 'Content-Type, api_key, Authorization', 'Server': 'Jetty(9.2.9.v20150224)'} 
 body={"id":9223372036854761413,"category":{"id":0,"name":"string"},"name":"doggie","photoUrls":["string"],"tags":[{"id":0,"name":"string"}],"status":"available"} 
 </msg>
<msg timestamp="20231006 09:26:04.192" level="INFO">${response} = &lt;Response [200]&gt;</msg>
<status status="PASS" starttime="20231006 09:26:03.734" endtime="20231006 09:26:04.193"/>
</kw>
<kw name="Should Be Equal As Strings" library="BuiltIn">
<arg>${response.status_code}</arg>
<arg>200</arg>
<doc>Fails if objects are unequal after converting them to strings.</doc>
<msg timestamp="20231006 09:26:04.194" level="INFO">Argument types are:
&lt;class 'int'&gt;
&lt;class 'str'&gt;</msg>
<status status="PASS" starttime="20231006 09:26:04.193" endtime="20231006 09:26:04.194"/>
</kw>
<kw name="Get File" library="OperatingSystem">
<var>${schema_file}</var>
<arg>resources/jsonschemas/pet/json-add-pet.json</arg>
<doc>Returns the contents of a specified file.</doc>
<msg timestamp="20231006 09:26:04.194" level="INFO" html="true">Getting file '&lt;a href="file://C:\Users\jgarcia\Documents\Proyectos automatizacion\Backend automation\Robotframework backend\robotFramework_api_automation\robotFramework_api_automation\prezo\resources\jsonschemas\pet\json-add-pet.json"&gt;C:\Users\jgarcia\Documents\Proyectos automatizacion\Backend automation\Robotframework backend\robotFramework_api_automation\robotFramework_api_automation\prezo\resources\jsonschemas\pet\json-add-pet.json&lt;/a&gt;'.</msg>
<msg timestamp="20231006 09:26:04.200" level="INFO">${schema_file} = {
  "$schema": "http://json-schema.org/draft-06/schema#",
  "type": [
    "object"
  ],
  "properties": {
    "id": {
      "type": "integer",
      "default": 17,
      "examples": [
        888
    ...</msg>
<status status="PASS" starttime="20231006 09:26:04.194" endtime="20231006 09:26:04.200"/>
</kw>
<kw name="Element Should Exist" library="JsonValidator">
<arg>${schema_file}</arg>
<arg>.id</arg>
<doc>Check the existence of one or more elements, matching [ http://jsonselect.org/ | JSONSelect] expression.</doc>
<status status="PASS" starttime="20231006 09:26:04.200" endtime="20231006 09:26:04.201"/>
</kw>
<kw name="Convert To String" library="BuiltIn">
<var>${response_data}</var>
<arg>${response.content}</arg>
<doc>Converts the given item to a Unicode string.</doc>
<msg timestamp="20231006 09:26:04.201" level="INFO">${response_data} = {"id":9223372036854761413,"category":{"id":0,"name":"string"},"name":"doggie","photoUrls":["string"],"tags":[{"id":0,"name":"string"}],"status":"available"}</msg>
<status status="PASS" starttime="20231006 09:26:04.201" endtime="20231006 09:26:04.201"/>
</kw>
<kw name="Validate Jsonschema" library="JsonValidator">
<arg>${response_data}</arg>
<arg>${schema_file}</arg>
<doc>Validate JSON according to schema.</doc>
<status status="PASS" starttime="20231006 09:26:04.201" endtime="20231006 09:26:04.205"/>
</kw>
<status status="PASS" starttime="20231006 09:26:03.732" endtime="20231006 09:26:04.206"/>
</kw>
<tag>pet</tag>
<status status="PASS" starttime="20231006 09:26:03.732" endtime="20231006 09:26:04.206"/>
</test>
<status status="PASS" starttime="20231006 09:26:03.522" endtime="20231006 09:26:04.209"/>
</suite>
<status status="PASS" starttime="20231006 09:26:03.507" endtime="20231006 09:26:04.212"/>
</suite>
<statistics>
<total>
<stat pass="1" fail="0" skip="0">All Tests</stat>
</total>
<tag>
<stat pass="1" fail="0" skip="0">pet</stat>
</tag>
<suite>
<stat pass="1" fail="0" skip="0" id="s1" name="Specs">Specs</stat>
<stat pass="1" fail="0" skip="0" id="s1-s1" name="Pet-Spec">Specs.Pet-Spec</stat>
</suite>
</statistics>
<errors>
</errors>
</robot>
